app/build/outputs/logs/manifest-merger-debug-report.txt
-- Merging decision tree log ---
manifest
ADDED from src/main/AndroidManifest.xml:2:1-68:12
	package
		ADDED from src/main/AndroidManifest.xml:5:5-45
		INJECTED from src/main/AndroidManifest.xml
		INJECTED from src/main/AndroidManifest.xml
	android:versionName
		ADDED from src/main/AndroidManifest.xml:4:5-30
	android:versionCode
		ADDED from src/main/AndroidManifest.xml:3:5-28
		INJECTED from src/main/AndroidManifest.xml
		INJECTED from src/main/AndroidManifest.xml
	xmlns:android
		ADDED from src/main/AndroidManifest.xml:2:11-69
uses-sdk
ADDED from src/main/AndroidManifest.xml:7:5-9:41
MERGED from [com.mapbox.mapboxsdk:mapbox-android-sdk:0.7.4] AndroidManifest.xml:5:5-7:41
MERGED from [com.android.support:support-v4:22.2.0] AndroidManifest.xml:20:5-43
	android:targetSdkVersion
		ADDED from src/main/AndroidManifest.xml:9:9-38
		INJECTED from src/main/AndroidManifest.xml
		INJECTED from src/main/AndroidManifest.xml
	android:minSdkVersion
		ADDED from src/main/AndroidManifest.xml:8:9-35
		INJECTED from src/main/AndroidManifest.xml
		INJECTED from src/main/AndroidManifest.xml
application
ADDED from src/main/AndroidManifest.xml:11:5-53:24
MERGED from [com.mapbox.mapboxsdk:mapbox-android-sdk:0.7.4] AndroidManifest.xml:9:5-47
MERGED from [com.android.support:support-v4:22.2.0] AndroidManifest.xml:22:5-20
	android:label
		ADDED from src/main/AndroidManifest.xml:15:9-41
	android:configChanges
		ADDED from src/main/AndroidManifest.xml:18:3-38
	android:allowBackup
		ADDED from src/main/AndroidManifest.xml:13:9-35
	android:icon
		ADDED from src/main/AndroidManifest.xml:14:9-38
	android:theme
		ADDED from src/main/AndroidManifest.xml:16:9-40
	android:logo
		ADDED from src/main/AndroidManifest.xml:17:9-38
activity#com.example.platypuscontrolapp.TeleOpPanel
ADDED from src/main/AndroidManifest.xml:33:10-43:20
	android:screenOrientation
		ADDED from src/main/AndroidManifest.xml:36:13-50
	android:label
		ADDED from src/main/AndroidManifest.xml:35:13-45
	android:configChanges
		ADDED from src/main/AndroidManifest.xml:37:7-57
	android:name
		ADDED from src/main/AndroidManifest.xml:34:13-70
intent-filter#android.intent.action.MAIN+android.intent.category.LAUNCHER
ADDED from src/main/AndroidManifest.xml:38:13-42:29
action#android.intent.action.MAIN
ADDED from src/main/AndroidManifest.xml:39:17-69
	android:name
		ADDED from src/main/AndroidManifest.xml:39:25-66
category#android.intent.category.LAUNCHER
ADDED from src/main/AndroidManifest.xml:40:17-77
	android:name
		ADDED from src/main/AndroidManifest.xml:40:27-74
activity#com.example.platypuscontrolapp.ServerTest
ADDED from src/main/AndroidManifest.xml:46:10-50:20
	android:label
		ADDED from src/main/AndroidManifest.xml:48:13-45
	android:name
		ADDED from src/main/AndroidManifest.xml:47:13-69
uses-permission#android.permission.INTERNET
ADDED from src/main/AndroidManifest.xml:55:9-71
	android:name
		ADDED from src/main/AndroidManifest.xml:55:26-68
uses-permission#android.permission.ACCESS_NETWORK_STATE
ADDED from src/main/AndroidManifest.xml:56:9-82
	android:name
		ADDED from src/main/AndroidManifest.xml:56:26-80
uses-permission#android.permission.ACCESS_WIFI_STATE
ADDED from src/main/AndroidManifest.xml:57:9-79
	android:name
		ADDED from src/main/AndroidManifest.xml:57:26-77
uses-permission#android.permission.WRITE_EXTERNAL_STORAGE
ADDED from src/main/AndroidManifest.xml:58:3-78
	android:name
		ADDED from src/main/AndroidManifest.xml:58:20-76
uses-permission#com.google.android.providers.gsf.permission.READ_GSERVICES
ADDED from src/main/AndroidManifest.xml:59:3-95
	android:name
		ADDED from src/main/AndroidManifest.xml:59:20-93
uses-permission#android.permission.ACCESS_COARSE_LOCATION
ADDED from src/main/AndroidManifest.xml:60:3-78
	android:name
		ADDED from src/main/AndroidManifest.xml:60:20-76
uses-permission#android.permission.ACCESS_FINE_LOCATION
ADDED from src/main/AndroidManifest.xml:61:3-76
	android:name
		ADDED from src/main/AndroidManifest.xml:61:20-74
uses-feature#0x00020000
ADDED from src/main/AndroidManifest.xml:63:9-65:35
	android:glEsVersion
		ADDED from src/main/AndroidManifest.xml:64:10-42
	android:required
		ADDED from src/main/AndroidManifest.xml:65:10-33